<?xml version="1.0" encoding="UTF-8"?>
<!-- Generated by org.testng.reporters.JUnitXMLReporter -->
<testsuite ignored="2" hostname="DESKTOP-9DOV98M" failures="0" tests="0" time="0.025" errors="0" timestamp="2024-03-30T12:55:36 IST">
  <testcase classname="harshakr.tests.StandAloneTest2" name="submitOrder" time="0.0">
    <ignored/>
  </testcase> <!-- submitOrder -->
  <testcase classname="harshakr.tests.StandAloneTest2" name="verifyOrder" time="0.0">
    <ignored/>
  </testcase> <!-- verifyOrder -->
</testsuite>
