<?xml version="1.0" encoding="UTF-8"?>
<!-- Generated by org.testng.reporters.JUnitXMLReporter -->
<testsuite ignored="1" hostname="DESKTOP-9DOV98M" failures="0" tests="2" name="Submit Order Test" time="48.93" errors="0" timestamp="2024-04-02T08:30:48 IST">
  <testcase classname="harshakr.tests.StandAloneTest2" name="submitOrder" time="16.89"/>
  <testcase classname="harshakr.tests.StandAloneTest2" name="submitOrder" time="16.227"/>
  <testcase classname="harshakr.tests.StandAloneTest2" name="verifyOrder" time="0.0">
    <ignored/>
  </testcase> <!-- verifyOrder -->
</testsuite> <!-- Submit Order Test -->
